{"total": {"lines":{"total":4912,"covered":375,"skipped":0,"pct":7.63},"statements":{"total":4965,"covered":376,"skipped":0,"pct":7.57},"functions":{"total":396,"covered":19,"skipped":0,"pct":4.79},"branches":{"total":3340,"covered":82,"skipped":0,"pct":2.45},"branchesTrue":{"total":0,"covered":0,"skipped":0,"pct":100}}
,"C:\\Users\\User\\Desktop\\DEV\\como-criar-um-website-v2\\functions\\lib\\index.js": {"lines":{"total":4749,"covered":303,"skipped":0,"pct":6.38},"functions":{"total":368,"covered":14,"skipped":0,"pct":3.8},"statements":{"total":4792,"covered":304,"skipped":0,"pct":6.34},"branches":{"total":3192,"covered":47,"skipped":0,"pct":1.47}}
,"C:\\Users\\User\\Desktop\\DEV\\como-criar-um-website-v2\\functions\\lib\\docs\\openapi.js": {"lines":{"total":9,"covered":9,"skipped":0,"pct":100},"functions":{"total":1,"covered":1,"skipped":0,"pct":100},"statements":{"total":9,"covered":9,"skipped":0,"pct":100},"branches":{"total":7,"covered":6,"skipped":0,"pct":85.71}}
,"C:\\Users\\User\\Desktop\\DEV\\como-criar-um-website-v2\\functions\\lib\\lib\\logger.js": {"lines":{"total":6,"covered":6,"skipped":0,"pct":100},"functions":{"total":1,"covered":1,"skipped":0,"pct":100},"statements":{"total":6,"covered":6,"skipped":0,"pct":100},"branches":{"total":11,"covered":9,"skipped":0,"pct":81.81}}
,"C:\\Users\\User\\Desktop\\DEV\\como-criar-um-website-v2\\functions\\lib\\services\\commerce.js": {"lines":{"total":12,"covered":11,"skipped":0,"pct":91.66},"functions":{"total":2,"covered":2,"skipped":0,"pct":100},"statements":{"total":12,"covered":11,"skipped":0,"pct":91.66},"branches":{"total":13,"covered":7,"skipped":0,"pct":53.84}}
,"C:\\Users\\User\\Desktop\\DEV\\como-criar-um-website-v2\\functions\\lib\\services\\hktechAI.service.js": {"lines":{"total":108,"covered":20,"skipped":0,"pct":18.51},"functions":{"total":23,"covered":0,"skipped":0,"pct":0},"statements":{"total":118,"covered":20,"skipped":0,"pct":16.94},"branches":{"total":93,"covered":0,"skipped":0,"pct":0}}
,"C:\\Users\\User\\Desktop\\DEV\\como-criar-um-website-v2\\functions\\lib\\services\\templateCloner.js": {"lines":{"total":28,"covered":26,"skipped":0,"pct":92.85},"functions":{"total":1,"covered":1,"skipped":0,"pct":100},"statements":{"total":28,"covered":26,"skipped":0,"pct":92.85},"branches":{"total":24,"covered":13,"skipped":0,"pct":54.16}}
}
